This file contains any messages produced by compilers while
running configure, to aid debugging if configure makes a mistake.

It was created by liblo configure 0.32, which was
generated by GNU Autoconf 2.72.  Invocation command line was

  $ ./configure --prefix=/Users/nikny/mediapipe/third_party/liblo/install

## --------- ##
## Platform. ##
## --------- ##

hostname = Nilss-MacBook-Pro.local
uname -m = arm64
uname -r = 22.3.0
uname -s = Darwin
uname -v = Darwin Kernel Version 22.3.0: Mon Jan 30 20:39:46 PST 2023; root:xnu-8792.81.3~2/RELEASE_ARM64_T6020

/usr/bin/uname -p = arm
/bin/uname -X     = unknown

/bin/arch              = unknown
/usr/bin/arch -k       = unknown
/usr/convex/getsysinfo = unknown
/usr/bin/hostinfo      = Mach kernel version:
	 Darwin Kernel Version 22.3.0: Mon Jan 30 20:39:46 PST 2023; root:xnu-8792.81.3~2/RELEASE_ARM64_T6020
Kernel configured for up to 12 processors.
12 processors are physically available.
12 processors are logically available.
Processor type: arm64e (ARM64E)
Processors active: 0 1 2 3 4 5 6 7 8 9 10 11
Primary memory available: 96.00 gigabytes
Default processor set: 698 tasks, 4649 threads, 12 processors
Load average: 2.71, Mach factor: 9.29
/bin/machine           = unknown
/usr/bin/oslevel       = unknown
/bin/universe          = unknown

PATH: /Users/nikny/.rvm/gems/ruby-3.0.0/bin/
PATH: /Users/nikny/.rvm/gems/ruby-3.0.0@global/bin/
PATH: /Users/nikny/.rvm/rubies/ruby-3.0.0/bin/
PATH: /opt/homebrew/bin/
PATH: /Users/nikny/.modular/pkg/packages.modular.com_mojo/bin/
PATH: /Users/nikny/.nvm/versions/node/v20.5.0/bin/
PATH: /Users/nikny/miniconda3/bin/
PATH: /Users/nikny/miniconda3/condabin/
PATH: /opt/homebrew/bin/
PATH: /opt/homebrew/sbin/
PATH: /Library/Frameworks/Python.framework/Versions/3.11/bin/
PATH: /usr/local/bin/
PATH: /System/Cryptexes/App/usr/bin/
PATH: /usr/bin/
PATH: /bin/
PATH: /usr/sbin/
PATH: /sbin/
PATH: /Library/Apple/usr/bin/
PATH: /Library/Frameworks/Mono.framework/Versions/Current/Commands/
PATH: /Users/nikny/.cargo/bin/
PATH: /Users/nikny/.rvm/bin/
PATH: /Users/nikny/soundapp/app/flutter/bin/
PATH: /opt/homebrew/bin/


## ----------- ##
## Core tests. ##
## ----------- ##

configure:2881: looking for aux files: ltmain.sh config.guess config.sub compile missing install-sh
configure:2894:  trying ./
configure:2923:   ./ltmain.sh found
configure:2923:   ./config.guess found
configure:2923:   ./config.sub found
configure:2923:   ./compile found
configure:2923:   ./missing found
configure:2905:   ./install-sh found
configure:3079: checking for a BSD-compatible install
configure:3153: result: /opt/homebrew/bin/ginstall -c
configure:3164: checking whether build environment is sane
configure:3219: result: yes
configure:3380: checking for a race-free mkdir -p
configure:3423: result: /opt/homebrew/bin/gmkdir -p
configure:3430: checking for gawk
configure:3466: result: no
configure:3430: checking for mawk
configure:3466: result: no
configure:3430: checking for nawk
configure:3466: result: no
configure:3430: checking for awk
configure:3451: found /usr/bin/awk
configure:3463: result: awk
configure:3474: checking whether make sets $(MAKE)
configure:3498: result: yes
configure:3528: checking whether make supports nested variables
configure:3547: result: yes
configure:3752: checking whether to enable maintainer-specific portions of Makefiles
configure:3763: result: no
configure:3788: checking whether make supports nested variables
configure:3807: result: yes
configure:3907: checking for gcc
configure:3928: found /usr/bin/gcc
configure:3940: result: gcc
configure:4299: checking for C compiler version
configure:4308: gcc --version >&5
Apple clang version 14.0.3 (clang-1403.0.22.14.1)
Target: arm64-apple-darwin22.3.0
Thread model: posix
InstalledDir: /Applications/Xcode.app/Contents/Developer/Toolchains/XcodeDefault.xctoolchain/usr/bin
configure:4319: $? = 0
configure:4308: gcc -v >&5
Apple clang version 14.0.3 (clang-1403.0.22.14.1)
Target: arm64-apple-darwin22.3.0
Thread model: posix
InstalledDir: /Applications/Xcode.app/Contents/Developer/Toolchains/XcodeDefault.xctoolchain/usr/bin
configure:4319: $? = 0
configure:4308: gcc -V >&5
clang: error: argument to '-V' is missing (expected 1 value)
clang: error: no input files
configure:4319: $? = 1
configure:4308: gcc -qversion >&5
clang: error: unknown argument '-qversion'; did you mean '--version'?
clang: error: no input files
configure:4319: $? = 1
configure:4308: gcc -version >&5
clang: error: unknown argument '-version'; did you mean '--version'?
clang: error: no input files
configure:4319: $? = 1
configure:4339: checking whether the C compiler works
configure:4361: gcc    conftest.c  >&5
configure:4365: $? = 0
configure:4416: result: yes
configure:4420: checking for C compiler default output file name
configure:4422: result: a.out
configure:4428: checking for suffix of executables
configure:4435: gcc -o conftest    conftest.c  >&5
configure:4439: $? = 0
configure:4463: result: 
configure:4487: checking whether we are cross compiling
configure:4495: gcc -o conftest    conftest.c  >&5
configure:4499: $? = 0
configure:4506: ./conftest
configure:4510: $? = 0
configure:4525: result: no
configure:4531: checking for suffix of object files
configure:4554: gcc -c   conftest.c >&5
configure:4558: $? = 0
configure:4582: result: o
configure:4586: checking whether the compiler supports GNU C
configure:4606: gcc -c   conftest.c >&5
configure:4606: $? = 0
configure:4618: result: yes
configure:4629: checking whether gcc accepts -g
configure:4650: gcc -c -g  conftest.c >&5
configure:4650: $? = 0
configure:4697: result: yes
configure:4717: checking for gcc option to enable C11 features
configure:4732: gcc  -c -g -O2  conftest.c >&5
configure:4732: $? = 0
configure:4751: result: none needed
configure:4875: checking whether gcc understands -c and -o together
configure:4898: gcc -c conftest.c -o conftest2.o
configure:4901: $? = 0
configure:4898: gcc -c conftest.c -o conftest2.o
configure:4901: $? = 0
configure:4914: result: yes
configure:4934: checking whether make supports the include directive
configure:4949: make -f confmf.GNU && cat confinc.out
this is the am__doit target
configure:4952: $? = 0
configure:4971: result: yes (GNU style)
configure:4997: checking dependency style of gcc
configure:5110: result: gcc3
configure:5131: checking build system type
configure:5147: result: aarch64-apple-darwin22.3.0
configure:5167: checking host system type
configure:5182: result: aarch64-apple-darwin22.3.0
configure:5588: checking how to print strings
configure:5615: result: printf
configure:5636: checking for a sed that does not truncate output
configure:5708: result: /usr/bin/sed
configure:5726: checking for grep that handles long lines and -e
configure:5792: result: /usr/bin/grep
configure:5797: checking for egrep
configure:5867: result: /usr/bin/grep -E
configure:5874: checking for fgrep
configure:5944: result: /usr/bin/grep -F
configure:5981: checking for ld used by gcc
configure:6050: result: /Applications/Xcode.app/Contents/Developer/Toolchains/XcodeDefault.xctoolchain/usr/bin/ld
configure:6057: checking if the linker (/Applications/Xcode.app/Contents/Developer/Toolchains/XcodeDefault.xctoolchain/usr/bin/ld) is GNU ld
configure:6074: result: no
configure:6086: checking for BSD- or MS-compatible name lister (nm)
configure:6142: result: /usr/bin/nm -B
configure:6284: checking the name lister (/usr/bin/nm -B) interface
configure:6292: gcc -c -g -O2  conftest.c >&5
configure:6295: /usr/bin/nm -B "conftest.o"
configure:6298: output
0000000000000254 S _some_variable
0000000000000000 t ltmp0
0000000000000254 s ltmp1
configure:6306: result: BSD nm
configure:6309: checking whether ln -s works
configure:6313: result: yes
configure:6321: checking the maximum length of command line arguments
configure:6454: result: 786432
configure:6502: checking how to convert aarch64-apple-darwin22.3.0 file names to aarch64-apple-darwin22.3.0 format
configure:6544: result: func_convert_file_noop
configure:6551: checking how to convert aarch64-apple-darwin22.3.0 file names to toolchain format
configure:6573: result: func_convert_file_noop
configure:6580: checking for /Applications/Xcode.app/Contents/Developer/Toolchains/XcodeDefault.xctoolchain/usr/bin/ld option to reload object files
configure:6589: result: -r
configure:6669: checking for file
configure:6690: found /usr/bin/file
configure:6702: result: file
configure:6779: checking for objdump
configure:6812: result: objdump
configure:6841: checking how to recognize dependent libraries
configure:7043: result: pass_all
configure:7134: checking for dlltool
configure:7167: result: dlltool
configure:7197: checking how to associate runtime and link libraries
configure:7226: result: printf %s\n
configure:7293: checking for ar
configure:7314: found /usr/bin/ar
configure:7326: result: ar
configure:7379: checking for archiver @FILE support
configure:7397: gcc -c -g -O2  conftest.c >&5
configure:7397: $? = 0
configure:7401: ar cr libconftest.a @conftest.lst >&5
ar: @conftest.lst: No such file or directory
configure:7404: $? = 1
configure:7425: result: no
configure:7489: checking for strip
configure:7510: found /usr/bin/strip
configure:7522: result: strip
configure:7600: checking for ranlib
configure:7621: found /usr/bin/ranlib
configure:7633: result: ranlib
configure:7735: checking command to parse /usr/bin/nm -B output from gcc object
configure:7889: gcc -c -g -O2  conftest.c >&5
configure:7892: $? = 0
configure:7896: /usr/bin/nm -B conftest.o \| /usr/bin/sed -n -e 's/^.*[ ]\([ABCDGIRSTW][ABCDGIRSTW]*\)[ ][ ]*\([_A-Za-z][_A-Za-z0-9]*\)$/\1 \2 \2/p' | /usr/bin/sed '/ __gnu_lto/d' \> conftest.nm
configure:7899: $? = 0
cannot find nm_test_var in conftest.nm
configure:7889: gcc -c -g -O2  conftest.c >&5
configure:7892: $? = 0
configure:7896: /usr/bin/nm -B conftest.o \| /usr/bin/sed -n -e 's/^.*[ ]\([ABCDGIRSTW][ABCDGIRSTW]*\)[ ][ ]*_\([_A-Za-z][_A-Za-z0-9]*\)$/\1 _\2 \2/p' | /usr/bin/sed '/ __gnu_lto/d' \> conftest.nm
configure:7899: $? = 0
configure:7965: gcc -o conftest -g -O2   conftest.c conftstm.o >&5
warning: (arm64)  could not find object file symbol for symbol _main
configure:7968: $? = 0
configure:8007: result: ok
configure:8054: checking for sysroot
configure:8086: result: no
configure:8093: checking for a working dd
configure:8138: result: /bin/dd
configure:8142: checking how to truncate binary pipes
configure:8159: result: /bin/dd bs=4096 count=1
configure:8499: checking for mt
configure:8535: result: no
configure:8555: checking if : is a manifest tool
configure:8562: : '-?'
configure:8571: result: no
configure:8633: checking for dsymutil
configure:8654: found /usr/bin/dsymutil
configure:8666: result: dsymutil
configure:8737: checking for nmedit
configure:8758: found /usr/bin/nmedit
configure:8770: result: nmedit
configure:8841: checking for lipo
configure:8862: found /usr/bin/lipo
configure:8874: result: lipo
configure:8945: checking for otool
configure:8966: found /usr/bin/otool
configure:8978: result: otool
configure:9049: checking for otool64
configure:9085: result: no
configure:9130: checking for -single_module linker flag
gcc -g -O2  -o libconftest.dylib -dynamiclib -Wl,-single_module conftest.c
configure:9165: result: yes
configure:9168: checking for -exported_symbols_list linker flag
configure:9189: gcc -o conftest -g -O2   -Wl,-exported_symbols_list,conftest.sym conftest.c  >&5
configure:9189: $? = 0
configure:9202: result: yes
configure:9205: checking for -force_load linker flag
gcc -g -O2 -c -o conftest.o conftest.c
ar cr libconftest.a conftest.o
ranlib libconftest.a
gcc -g -O2  -o conftest conftest.c -Wl,-force_load,./libconftest.a
configure:9239: result: yes
configure:9310: checking for stdio.h
configure:9310: gcc -c -g -O2  conftest.c >&5
configure:9310: $? = 0
configure:9310: result: yes
configure:9310: checking for stdlib.h
configure:9310: gcc -c -g -O2  conftest.c >&5
configure:9310: $? = 0
configure:9310: result: yes
configure:9310: checking for string.h
configure:9310: gcc -c -g -O2  conftest.c >&5
configure:9310: $? = 0
configure:9310: result: yes
configure:9310: checking for inttypes.h
configure:9310: gcc -c -g -O2  conftest.c >&5
configure:9310: $? = 0
configure:9310: result: yes
configure:9310: checking for stdint.h
configure:9310: gcc -c -g -O2  conftest.c >&5
configure:9310: $? = 0
configure:9310: result: yes
configure:9310: checking for strings.h
configure:9310: gcc -c -g -O2  conftest.c >&5
configure:9310: $? = 0
configure:9310: result: yes
configure:9310: checking for sys/stat.h
configure:9310: gcc -c -g -O2  conftest.c >&5
configure:9310: $? = 0
configure:9310: result: yes
configure:9310: checking for sys/types.h
configure:9310: gcc -c -g -O2  conftest.c >&5
configure:9310: $? = 0
configure:9310: result: yes
configure:9310: checking for unistd.h
configure:9310: gcc -c -g -O2  conftest.c >&5
configure:9310: $? = 0
configure:9310: result: yes
configure:9335: checking for dlfcn.h
configure:9335: gcc -c -g -O2  conftest.c >&5
configure:9335: $? = 0
configure:9335: result: yes
configure:9534: checking for objdir
configure:9551: result: .libs
configure:9817: checking if gcc supports -fno-rtti -fno-exceptions
configure:9836: gcc -c -g -O2  -fno-rtti -fno-exceptions conftest.c >&5
configure:9840: $? = 0
configure:9854: result: yes
configure:10212: checking for gcc option to produce PIC
configure:10221: result: -fno-common -DPIC
configure:10229: checking if gcc PIC flag -fno-common -DPIC works
configure:10248: gcc -c -g -O2  -fno-common -DPIC -DPIC conftest.c >&5
configure:10252: $? = 0
configure:10266: result: yes
configure:10295: checking if gcc static flag -static works
configure:10325: result: no
configure:10340: checking if gcc supports -c -o file.o
configure:10362: gcc -c -g -O2  -o out/conftest2.o conftest.c >&5
configure:10366: $? = 0
configure:10389: result: yes
configure:10397: checking if gcc supports -c -o file.o
configure:10446: result: yes
configure:10479: checking whether the gcc linker (/Applications/Xcode.app/Contents/Developer/Toolchains/XcodeDefault.xctoolchain/usr/bin/ld) supports shared libraries
configure:11752: result: yes
configure:11994: checking dynamic linker characteristics
configure:12816: result: darwin22.3.0 dyld
configure:12938: checking how to hardcode library paths into programs
configure:12963: result: immediate
configure:13563: checking whether stripping libraries is possible
configure:13580: result: yes
configure:13614: checking if libtool supports shared libraries
configure:13616: result: yes
configure:13619: checking whether to build shared libraries
configure:13644: result: no
configure:13647: checking whether to build static libraries
configure:13651: result: yes
configure:13691: checking for doxygen
configure:13727: result: no
configure:13736: checking whether to add -Qunused-arguments (C)
configure:13751: gcc -c -g -O2 -Qunused-arguments  conftest.c >&5
configure:13751: $? = 0
configure:13753: result: yes
configure:13766: checking how to print long long int
configure:13781: gcc -c -g -O2 -Qunused-arguments -Werror -Wall  conftest.c >&5
configure:13781: $? = 0
configure:13807: result: "ll"
configure:13885: checking for g++
configure:13906: found /usr/bin/g++
configure:13918: result: g++
configure:13945: checking for C++ compiler version
configure:13954: g++ --version >&5
Apple clang version 14.0.3 (clang-1403.0.22.14.1)
Target: arm64-apple-darwin22.3.0
Thread model: posix
InstalledDir: /Applications/Xcode.app/Contents/Developer/Toolchains/XcodeDefault.xctoolchain/usr/bin
configure:13965: $? = 0
configure:13954: g++ -v >&5
Apple clang version 14.0.3 (clang-1403.0.22.14.1)
Target: arm64-apple-darwin22.3.0
Thread model: posix
InstalledDir: /Applications/Xcode.app/Contents/Developer/Toolchains/XcodeDefault.xctoolchain/usr/bin
configure:13965: $? = 0
configure:13954: g++ -V >&5
clang: error: argument to '-V' is missing (expected 1 value)
clang: error: no input files
configure:13965: $? = 1
configure:13954: g++ -qversion >&5
clang: error: unknown argument '-qversion'; did you mean '--version'?
clang: error: no input files
configure:13965: $? = 1
configure:13969: checking whether the compiler supports GNU C++
configure:13989: g++ -c   conftest.cpp >&5
configure:13989: $? = 0
configure:14001: result: yes
configure:14012: checking whether g++ accepts -g
configure:14033: g++ -c -g  conftest.cpp >&5
configure:14033: $? = 0
configure:14080: result: yes
configure:14100: checking for g++ option to enable C++11 features
configure:14115: g++  -c -g -O2  conftest.cpp >&5
conftest.cpp:71:3: error: "Compiler does not advertise C++11 conformance"
# error "Compiler does not advertise C++11 conformance"
  ^
conftest.cpp:76:3: error: unknown type name 'constexpr'
  constexpr int get_val() { return 20; }
  ^
conftest.cpp:88:17: error: delegating constructors are permitted only in C++11
    delegate(): delegate(2354) {}
                ^~~~~~~~
conftest.cpp:99:26: warning: 'override' keyword is a C++11 extension [-Wc++11-extensions]
    virtual int getval() override final { return this->n * 2; }
                         ^
conftest.cpp:99:35: warning: 'final' keyword is a C++11 extension [-Wc++11-extensions]
    virtual int getval() override final { return this->n * 2; }
                                  ^
conftest.cpp:106:16: warning: defaulted function definitions are a C++11 extension [-Wc++11-extensions]
    nocopy() = default;
               ^
conftest.cpp:107:29: warning: deleted function definitions are a C++11 extension [-Wc++11-extensions]
    nocopy(const nocopy&) = delete;
                            ^
conftest.cpp:108:41: warning: deleted function definitions are a C++11 extension [-Wc++11-extensions]
    nocopy & operator=(const nocopy&) = delete;
                                        ^
conftest.cpp:120:25: warning: 'auto' type specifier is a C++11 extension [-Wc++11-extensions]
  template <typename V> auto sum(V first) -> V
                        ^
conftest.cpp:120:25: error: 'auto' not allowed in function return type
  template <typename V> auto sum(V first) -> V
                        ^~~~
conftest.cpp:120:42: error: expected ';' at end of declaration
  template <typename V> auto sum(V first) -> V
                                         ^
                                         ;
conftest.cpp:120:43: error: cannot use arrow operator on a type
  template <typename V> auto sum(V first) -> V
                                          ^
conftest.cpp:124:33: warning: variadic templates are a C++11 extension [-Wc++11-extensions]
  template <typename V, typename... Args> auto sum(V first, Args... rest) -> V
                                ^
conftest.cpp:124:43: warning: 'auto' type specifier is a C++11 extension [-Wc++11-extensions]
  template <typename V, typename... Args> auto sum(V first, Args... rest) -> V
                                          ^
conftest.cpp:124:43: error: 'auto' not allowed in function return type
  template <typename V, typename... Args> auto sum(V first, Args... rest) -> V
                                          ^~~~
conftest.cpp:124:74: error: expected ';' at end of declaration
  template <typename V, typename... Args> auto sum(V first, Args... rest) -> V
                                                                         ^
                                                                         ;
conftest.cpp:124:75: error: cannot use arrow operator on a type
  template <typename V, typename... Args> auto sum(V first, Args... rest) -> V
                                                                          ^
conftest.cpp:148:3: warning: 'auto' type specifier is a C++11 extension [-Wc++11-extensions]
  auto a1 = 6538;
  ^
conftest.cpp:149:3: warning: 'auto' type specifier is a C++11 extension [-Wc++11-extensions]
  auto a2 = 48573953.4;
  ^
conftest.cpp:150:3: warning: 'auto' type specifier is a C++11 extension [-Wc++11-extensions]
  auto a3 = "String literal";
  ^
conftest.cpp:153:8: warning: 'auto' type specifier is a C++11 extension [-Wc++11-extensions]
  for (auto i = a3; *i; ++i) { total += *i; }
       ^
conftest.cpp:169:8: warning: 'auto' type specifier is a C++11 extension [-Wc++11-extensions]
  for (auto &x : array) { x += 23; }
       ^
conftest.cpp:169:16: warning: range-based for loop is a C++11 extension [-Wc++11-extensions]
  for (auto &x : array) { x += 23; }
               ^
conftest.cpp:174:17: error: expected expression
  assert (eval ([](int x) { return x*2; }, 21) == 42);
                ^
conftest.cpp:176:17: error: expected expression
  assert (eval ([&](double x) { return d += x; }, 3.0) == 5.0);
                ^
conftest.cpp:178:17: error: expected expression
  assert (eval ([=](double x) mutable { return d += x; }, 4.0) == 9.0);
                ^
conftest.cpp:184:3: warning: 'auto' type specifier is a C++11 extension [-Wc++11-extensions]
  auto a = sum(1);
  ^
conftest.cpp:184:12: error: no matching function for call to 'sum'
  auto a = sum(1);
           ^~~
conftest.cpp:185:3: warning: 'auto' type specifier is a C++11 extension [-Wc++11-extensions]
  auto b = sum(1, 2);
  ^
conftest.cpp:185:12: error: no matching function for call to 'sum'
  auto b = sum(1, 2);
           ^~~
conftest.cpp:186:3: warning: 'auto' type specifier is a C++11 extension [-Wc++11-extensions]
  auto c = sum(1.0, 2.0, 3.0);
  ^
conftest.cpp:186:12: error: no matching function for call to 'sum'
  auto c = sum(1.0, 2.0, 3.0);
           ^~~
conftest.cpp:191:25: warning: empty parentheses interpreted as a function declaration [-Wvexing-parse]
  cxx11test::delegate d2();
                        ^~
conftest.cpp:191:25: note: remove parentheses to declare a variable
  cxx11test::delegate d2();
                        ^~
conftest.cpp:204:16: error: found '<::' after a template name which forms the digraph '<:' (aka '[') and a ':', did you mean '< ::'?
  test_template<::test_template<int>> v(test_template<int>(12));
               ^~~
               < ::
conftest.cpp:204:36: error: a space is required between consecutive right angle brackets (use '> >')
  test_template<::test_template<int>> v(test_template<int>(12));
                                   ^~
                                   > >
conftest.cpp:208:22: error: use of undeclared identifier 'u8'
  char const *utf8 = u8"UTF-8 string \u2500";
                     ^
conftest.cpp:208:24: error: expected ';' at end of declaration
  char const *utf8 = u8"UTF-8 string \u2500";
                       ^
                       ;
fatal error: too many errors emitted, stopping now [-ferror-limit=]
18 warnings and 20 errors generated.
configure:14115: $? = 1
configure: failed program was:
| /* confdefs.h */
| #define PACKAGE_NAME "liblo"
| #define PACKAGE_TARNAME "liblo"
| #define PACKAGE_VERSION "0.32"
| #define PACKAGE_STRING "liblo 0.32"
| #define PACKAGE_BUGREPORT "liblo-devel@lists.sourceforge.net"
| #define PACKAGE_URL ""
| #define PACKAGE "liblo"
| #define VERSION "0.32"
| #define LO_SO_VERSION {12, 0, 5}
| #define HAVE_STDIO_H 1
| #define HAVE_STDLIB_H 1
| #define HAVE_STRING_H 1
| #define HAVE_INTTYPES_H 1
| #define HAVE_STDINT_H 1
| #define HAVE_STRINGS_H 1
| #define HAVE_SYS_STAT_H 1
| #define HAVE_SYS_TYPES_H 1
| #define HAVE_UNISTD_H 1
| #define STDC_HEADERS 1
| #define HAVE_DLFCN_H 1
| #define LT_OBJDIR ".libs/"
| #define PRINTF_LL "ll"
| /* end confdefs.h.  */
| 
| // Does the compiler advertise C++98 conformance?
| #if !defined __cplusplus || __cplusplus < 199711L
| # error "Compiler does not advertise C++98 conformance"
| #endif
| 
| // These inclusions are to reject old compilers that
| // lack the unsuffixed header files.
| #include <cstdlib>
| #include <exception>
| 
| // <cassert> and <cstring> are *not* freestanding headers in C++98.
| extern void assert (int);
| namespace std {
|   extern int strcmp (const char *, const char *);
| }
| 
| // Namespaces, exceptions, and templates were all added after "C++ 2.0".
| using std::exception;
| using std::strcmp;
| 
| namespace {
| 
| void test_exception_syntax()
| {
|   try {
|     throw "test";
|   } catch (const char *s) {
|     // Extra parentheses suppress a warning when building autoconf itself,
|     // due to lint rules shared with more typical C programs.
|     assert (!(strcmp) (s, "test"));
|   }
| }
| 
| template <typename T> struct test_template
| {
|   T const val;
|   explicit test_template(T t) : val(t) {}
|   template <typename U> T add(U u) { return static_cast<T>(u) + val; }
| };
| 
| } // anonymous namespace
| 
| 
| // Does the compiler advertise C++ 2011 conformance?
| #if !defined __cplusplus || __cplusplus < 201103L
| # error "Compiler does not advertise C++11 conformance"
| #endif
| 
| namespace cxx11test
| {
|   constexpr int get_val() { return 20; }
| 
|   struct testinit
|   {
|     int i;
|     double d;
|   };
| 
|   class delegate
|   {
|   public:
|     delegate(int n) : n(n) {}
|     delegate(): delegate(2354) {}
| 
|     virtual int getval() { return this->n; };
|   protected:
|     int n;
|   };
| 
|   class overridden : public delegate
|   {
|   public:
|     overridden(int n): delegate(n) {}
|     virtual int getval() override final { return this->n * 2; }
|   };
| 
|   class nocopy
|   {
|   public:
|     nocopy(int i): i(i) {}
|     nocopy() = default;
|     nocopy(const nocopy&) = delete;
|     nocopy & operator=(const nocopy&) = delete;
|   private:
|     int i;
|   };
| 
|   // for testing lambda expressions
|   template <typename Ret, typename Fn> Ret eval(Fn f, Ret v)
|   {
|     return f(v);
|   }
| 
|   // for testing variadic templates and trailing return types
|   template <typename V> auto sum(V first) -> V
|   {
|     return first;
|   }
|   template <typename V, typename... Args> auto sum(V first, Args... rest) -> V
|   {
|     return first + sum(rest...);
|   }
| }
| 
| 
| int
| main (int argc, char **argv)
| {
|   int ok = 0;
|   
|   assert (argc);
|   assert (! argv[0]);
| {
|   test_exception_syntax ();
|   test_template<double> tt (2.0);
|   assert (tt.add (4) == 6.0);
|   assert (true && !false);
| }
| 
|   
| {
|   // Test auto and decltype
|   auto a1 = 6538;
|   auto a2 = 48573953.4;
|   auto a3 = "String literal";
| 
|   int total = 0;
|   for (auto i = a3; *i; ++i) { total += *i; }
| 
|   decltype(a2) a4 = 34895.034;
| }
| {
|   // Test constexpr
|   short sa[cxx11test::get_val()] = { 0 };
| }
| {
|   // Test initializer lists
|   cxx11test::testinit il = { 4323, 435234.23544 };
| }
| {
|   // Test range-based for
|   int array[] = {9, 7, 13, 15, 4, 18, 12, 10, 5, 3,
|                  14, 19, 17, 8, 6, 20, 16, 2, 11, 1};
|   for (auto &x : array) { x += 23; }
| }
| {
|   // Test lambda expressions
|   using cxx11test::eval;
|   assert (eval ([](int x) { return x*2; }, 21) == 42);
|   double d = 2.0;
|   assert (eval ([&](double x) { return d += x; }, 3.0) == 5.0);
|   assert (d == 5.0);
|   assert (eval ([=](double x) mutable { return d += x; }, 4.0) == 9.0);
|   assert (d == 5.0);
| }
| {
|   // Test use of variadic templates
|   using cxx11test::sum;
|   auto a = sum(1);
|   auto b = sum(1, 2);
|   auto c = sum(1.0, 2.0, 3.0);
| }
| {
|   // Test constructor delegation
|   cxx11test::delegate d1;
|   cxx11test::delegate d2();
|   cxx11test::delegate d3(45);
| }
| {
|   // Test override and final
|   cxx11test::overridden o1(55464);
| }
| {
|   // Test nullptr
|   char *c = nullptr;
| }
| {
|   // Test template brackets
|   test_template<::test_template<int>> v(test_template<int>(12));
| }
| {
|   // Unicode literals
|   char const *utf8 = u8"UTF-8 string \u2500";
|   char16_t const *utf16 = u"UTF-8 string \u2500";
|   char32_t const *utf32 = U"UTF-32 string \u2500";
| }
| 
|   return ok;
| }
| 
configure:14115: g++ -std=gnu++11 -c -g -O2  conftest.cpp >&5
conftest.cpp:191:25: warning: empty parentheses interpreted as a function declaration [-Wvexing-parse]
  cxx11test::delegate d2();
                        ^~
conftest.cpp:191:25: note: remove parentheses to declare a variable
  cxx11test::delegate d2();
                        ^~
1 warning generated.
configure:14115: $? = 0
configure:14137: result: -std=gnu++11
configure:14205: checking dependency style of g++ -std=gnu++11
configure:14318: result: gcc3
configure:14351: checking how to run the C++ preprocessor
configure:14373: g++ -std=gnu++11 -E  conftest.cpp
configure:14373: $? = 0
configure:14389: g++ -std=gnu++11 -E  conftest.cpp
conftest.cpp:25:10: fatal error: 'ac_nonexistent.h' file not found
#include <ac_nonexistent.h>
         ^~~~~~~~~~~~~~~~~~
1 error generated.
configure:14389: $? = 1
configure: failed program was:
| /* confdefs.h */
| #define PACKAGE_NAME "liblo"
| #define PACKAGE_TARNAME "liblo"
| #define PACKAGE_VERSION "0.32"
| #define PACKAGE_STRING "liblo 0.32"
| #define PACKAGE_BUGREPORT "liblo-devel@lists.sourceforge.net"
| #define PACKAGE_URL ""
| #define PACKAGE "liblo"
| #define VERSION "0.32"
| #define LO_SO_VERSION {12, 0, 5}
| #define HAVE_STDIO_H 1
| #define HAVE_STDLIB_H 1
| #define HAVE_STRING_H 1
| #define HAVE_INTTYPES_H 1
| #define HAVE_STDINT_H 1
| #define HAVE_STRINGS_H 1
| #define HAVE_SYS_STAT_H 1
| #define HAVE_SYS_TYPES_H 1
| #define HAVE_UNISTD_H 1
| #define STDC_HEADERS 1
| #define HAVE_DLFCN_H 1
| #define LT_OBJDIR ".libs/"
| #define PRINTF_LL "ll"
| /* end confdefs.h.  */
| #include <ac_nonexistent.h>
configure:14418: result: g++ -std=gnu++11 -E
configure:14432: g++ -std=gnu++11 -E  conftest.cpp
configure:14432: $? = 0
configure:14448: g++ -std=gnu++11 -E  conftest.cpp
conftest.cpp:25:10: fatal error: 'ac_nonexistent.h' file not found
#include <ac_nonexistent.h>
         ^~~~~~~~~~~~~~~~~~
1 error generated.
configure:14448: $? = 1
configure: failed program was:
| /* confdefs.h */
| #define PACKAGE_NAME "liblo"
| #define PACKAGE_TARNAME "liblo"
| #define PACKAGE_VERSION "0.32"
| #define PACKAGE_STRING "liblo 0.32"
| #define PACKAGE_BUGREPORT "liblo-devel@lists.sourceforge.net"
| #define PACKAGE_URL ""
| #define PACKAGE "liblo"
| #define VERSION "0.32"
| #define LO_SO_VERSION {12, 0, 5}
| #define HAVE_STDIO_H 1
| #define HAVE_STDLIB_H 1
| #define HAVE_STRING_H 1
| #define HAVE_INTTYPES_H 1
| #define HAVE_STDINT_H 1
| #define HAVE_STRINGS_H 1
| #define HAVE_SYS_STAT_H 1
| #define HAVE_SYS_TYPES_H 1
| #define HAVE_UNISTD_H 1
| #define STDC_HEADERS 1
| #define HAVE_DLFCN_H 1
| #define LT_OBJDIR ".libs/"
| #define PRINTF_LL "ll"
| /* end confdefs.h.  */
| #include <ac_nonexistent.h>
configure:14616: checking for ld used by g++ -std=gnu++11
configure:14685: result: /Applications/Xcode.app/Contents/Developer/Toolchains/XcodeDefault.xctoolchain/usr/bin/ld
configure:14692: checking if the linker (/Applications/Xcode.app/Contents/Developer/Toolchains/XcodeDefault.xctoolchain/usr/bin/ld) is GNU ld
configure:14709: result: no
configure:14764: checking whether the g++ -std=gnu++11 linker (/Applications/Xcode.app/Contents/Developer/Toolchains/XcodeDefault.xctoolchain/usr/bin/ld) supports shared libraries
configure:15844: result: yes
configure:15880: g++ -std=gnu++11 -c -g -O2  conftest.cpp >&5
configure:15883: $? = 0
configure:16364: checking for g++ -std=gnu++11 option to produce PIC
configure:16373: result: -fno-common -DPIC
configure:16381: checking if g++ -std=gnu++11 PIC flag -fno-common -DPIC works
configure:16400: g++ -std=gnu++11 -c -g -O2  -fno-common -DPIC -DPIC conftest.cpp >&5
configure:16404: $? = 0
configure:16418: result: yes
configure:16441: checking if g++ -std=gnu++11 static flag -static works
configure:16471: result: no
configure:16483: checking if g++ -std=gnu++11 supports -c -o file.o
configure:16505: g++ -std=gnu++11 -c -g -O2  -o out/conftest2.o conftest.cpp >&5
configure:16509: $? = 0
configure:16532: result: yes
configure:16537: checking if g++ -std=gnu++11 supports -c -o file.o
configure:16586: result: yes
configure:16616: checking whether the g++ -std=gnu++11 linker (/Applications/Xcode.app/Contents/Developer/Toolchains/XcodeDefault.xctoolchain/usr/bin/ld) supports shared libraries
configure:16656: result: yes
configure:16799: checking dynamic linker characteristics
configure:17548: result: darwin22.3.0 dyld
configure:17613: checking how to hardcode library paths into programs
configure:17638: result: immediate
configure:17686: checking whether C++11 lambdas are supported
configure:17700: g++ -std=gnu++11 -c -g -O2 -std=c++11  conftest.cpp >&5
conftest.cpp:29:40: warning: expression result unused [-Wunused-value]
[](std::function<void()> f){f();}([](){0;});
                                       ^
1 warning generated.
configure:17700: $? = 0
configure:17702: result: yes
configure:17767: checking whether to add -Qunused-arguments (C++)
configure:17782: g++ -std=gnu++11 -c -g -O2 -std=c++11 -Qunused-arguments  conftest.cpp >&5
configure:17782: $? = 0
configure:17784: result: yes
configure:17823: checking for winsock2.h
configure:17823: gcc -c -g -O2 -Qunused-arguments  conftest.c >&5
conftest.c:53:10: fatal error: 'winsock2.h' file not found
#include <winsock2.h>
         ^~~~~~~~~~~~
1 error generated.
configure:17823: $? = 1
configure: failed program was:
| /* confdefs.h */
| #define PACKAGE_NAME "liblo"
| #define PACKAGE_TARNAME "liblo"
| #define PACKAGE_VERSION "0.32"
| #define PACKAGE_STRING "liblo 0.32"
| #define PACKAGE_BUGREPORT "liblo-devel@lists.sourceforge.net"
| #define PACKAGE_URL ""
| #define PACKAGE "liblo"
| #define VERSION "0.32"
| #define LO_SO_VERSION {12, 0, 5}
| #define HAVE_STDIO_H 1
| #define HAVE_STDLIB_H 1
| #define HAVE_STRING_H 1
| #define HAVE_INTTYPES_H 1
| #define HAVE_STDINT_H 1
| #define HAVE_STRINGS_H 1
| #define HAVE_SYS_STAT_H 1
| #define HAVE_SYS_TYPES_H 1
| #define HAVE_UNISTD_H 1
| #define STDC_HEADERS 1
| #define HAVE_DLFCN_H 1
| #define LT_OBJDIR ".libs/"
| #define PRINTF_LL "ll"
| /* end confdefs.h.  */
| #include <stddef.h>
| #ifdef HAVE_STDIO_H
| # include <stdio.h>
| #endif
| #ifdef HAVE_STDLIB_H
| # include <stdlib.h>
| #endif
| #ifdef HAVE_STRING_H
| # include <string.h>
| #endif
| #ifdef HAVE_INTTYPES_H
| # include <inttypes.h>
| #endif
| #ifdef HAVE_STDINT_H
| # include <stdint.h>
| #endif
| #ifdef HAVE_STRINGS_H
| # include <strings.h>
| #endif
| #ifdef HAVE_SYS_TYPES_H
| # include <sys/types.h>
| #endif
| #ifdef HAVE_SYS_STAT_H
| # include <sys/stat.h>
| #endif
| #ifdef HAVE_UNISTD_H
| # include <unistd.h>
| #endif
| #include <winsock2.h>
configure:17823: result: no
configure:17846: checking for library containing recvfrom
configure:17882: gcc -o conftest -g -O2 -Qunused-arguments   conftest.c  >&5
configure:17882: $? = 0
configure:17904: result: none required
configure:17913: checking for log
configure:17913: gcc -o conftest -g -O2 -Qunused-arguments   conftest.c  >&5
conftest.c:41:6: warning: incompatible redeclaration of library function 'log' [-Wincompatible-library-redeclaration]
char log (void);
     ^
conftest.c:41:6: note: 'log' is a builtin with type 'double (double)'
1 warning generated.
configure:17913: $? = 0
configure:17913: result: yes
configure:17972: checking for getifaddrs
configure:17972: gcc -o conftest -g -O2 -Qunused-arguments   conftest.c  >&5
configure:17972: $? = 0
configure:17972: result: yes
configure:17987: checking for library containing pthread_create
configure:18023: gcc -o conftest -g -O2 -Qunused-arguments   conftest.c  >&5
configure:18023: $? = 0
configure:18045: result: none required
configure:18109: checking for egrep
configure:18179: result: /usr/bin/grep -E
configure:18187: checking for netdb.h
configure:18187: gcc -c -g -O2 -Qunused-arguments  conftest.c >&5
configure:18187: $? = 0
configure:18187: result: yes
configure:18193: checking for netinet/in.h
configure:18193: gcc -c -g -O2 -Qunused-arguments  conftest.c >&5
configure:18193: $? = 0
configure:18193: result: yes
configure:18199: checking for stdlib.h
configure:18199: result: yes
configure:18205: checking for string.h
configure:18205: result: yes
configure:18211: checking for sys/socket.h
configure:18211: gcc -c -g -O2 -Qunused-arguments  conftest.c >&5
configure:18211: $? = 0
configure:18211: result: yes
configure:18217: checking for unistd.h
configure:18217: result: yes
configure:18226: checking for an ANSI C-conforming const
configure:18293: gcc -c -g -O2 -Qunused-arguments  conftest.c >&5
configure:18293: $? = 0
configure:18303: result: yes
configure:18311: checking for size_t
configure:18311: gcc -c -g -O2 -Qunused-arguments  conftest.c >&5
configure:18311: $? = 0
configure:18311: gcc -c -g -O2 -Qunused-arguments  conftest.c >&5
conftest.c:65:21: error: expected expression
if (sizeof ((size_t)))
                    ^
1 error generated.
configure:18311: $? = 1
configure: failed program was:
| /* confdefs.h */
| #define PACKAGE_NAME "liblo"
| #define PACKAGE_TARNAME "liblo"
| #define PACKAGE_VERSION "0.32"
| #define PACKAGE_STRING "liblo 0.32"
| #define PACKAGE_BUGREPORT "liblo-devel@lists.sourceforge.net"
| #define PACKAGE_URL ""
| #define PACKAGE "liblo"
| #define VERSION "0.32"
| #define LO_SO_VERSION {12, 0, 5}
| #define HAVE_STDIO_H 1
| #define HAVE_STDLIB_H 1
| #define HAVE_STRING_H 1
| #define HAVE_INTTYPES_H 1
| #define HAVE_STDINT_H 1
| #define HAVE_STRINGS_H 1
| #define HAVE_SYS_STAT_H 1
| #define HAVE_SYS_TYPES_H 1
| #define HAVE_UNISTD_H 1
| #define STDC_HEADERS 1
| #define HAVE_DLFCN_H 1
| #define LT_OBJDIR ".libs/"
| #define PRINTF_LL "ll"
| #define HAVE_GETIFADDRS 1
| #define HAVE_LIBPTHREAD 1
| #define ENABLE_THREADS 1
| #define HAVE_NETDB_H 1
| #define HAVE_NETINET_IN_H 1
| #define HAVE_STDLIB_H 1
| #define HAVE_STRING_H 1
| #define HAVE_SYS_SOCKET_H 1
| #define HAVE_UNISTD_H 1
| /* end confdefs.h.  */
| #include <stddef.h>
| #ifdef HAVE_STDIO_H
| # include <stdio.h>
| #endif
| #ifdef HAVE_STDLIB_H
| # include <stdlib.h>
| #endif
| #ifdef HAVE_STRING_H
| # include <string.h>
| #endif
| #ifdef HAVE_INTTYPES_H
| # include <inttypes.h>
| #endif
| #ifdef HAVE_STDINT_H
| # include <stdint.h>
| #endif
| #ifdef HAVE_STRINGS_H
| # include <strings.h>
| #endif
| #ifdef HAVE_SYS_TYPES_H
| # include <sys/types.h>
| #endif
| #ifdef HAVE_SYS_STAT_H
| # include <sys/stat.h>
| #endif
| #ifdef HAVE_UNISTD_H
| # include <unistd.h>
| #endif
| int
| main (void)
| {
| if (sizeof ((size_t)))
| 	    return 0;
|   ;
|   return 0;
| }
configure:18311: result: yes
configure:18323: checking for uintptr_t
configure:18323: gcc -c -g -O2 -Qunused-arguments  conftest.c >&5
configure:18323: $? = 0
configure:18323: gcc -c -g -O2 -Qunused-arguments  conftest.c >&5
conftest.c:65:24: error: expected expression
if (sizeof ((uintptr_t)))
                       ^
1 error generated.
configure:18323: $? = 1
configure: failed program was:
| /* confdefs.h */
| #define PACKAGE_NAME "liblo"
| #define PACKAGE_TARNAME "liblo"
| #define PACKAGE_VERSION "0.32"
| #define PACKAGE_STRING "liblo 0.32"
| #define PACKAGE_BUGREPORT "liblo-devel@lists.sourceforge.net"
| #define PACKAGE_URL ""
| #define PACKAGE "liblo"
| #define VERSION "0.32"
| #define LO_SO_VERSION {12, 0, 5}
| #define HAVE_STDIO_H 1
| #define HAVE_STDLIB_H 1
| #define HAVE_STRING_H 1
| #define HAVE_INTTYPES_H 1
| #define HAVE_STDINT_H 1
| #define HAVE_STRINGS_H 1
| #define HAVE_SYS_STAT_H 1
| #define HAVE_SYS_TYPES_H 1
| #define HAVE_UNISTD_H 1
| #define STDC_HEADERS 1
| #define HAVE_DLFCN_H 1
| #define LT_OBJDIR ".libs/"
| #define PRINTF_LL "ll"
| #define HAVE_GETIFADDRS 1
| #define HAVE_LIBPTHREAD 1
| #define ENABLE_THREADS 1
| #define HAVE_NETDB_H 1
| #define HAVE_NETINET_IN_H 1
| #define HAVE_STDLIB_H 1
| #define HAVE_STRING_H 1
| #define HAVE_SYS_SOCKET_H 1
| #define HAVE_UNISTD_H 1
| /* end confdefs.h.  */
| #include <stddef.h>
| #ifdef HAVE_STDIO_H
| # include <stdio.h>
| #endif
| #ifdef HAVE_STDLIB_H
| # include <stdlib.h>
| #endif
| #ifdef HAVE_STRING_H
| # include <string.h>
| #endif
| #ifdef HAVE_INTTYPES_H
| # include <inttypes.h>
| #endif
| #ifdef HAVE_STDINT_H
| # include <stdint.h>
| #endif
| #ifdef HAVE_STRINGS_H
| # include <strings.h>
| #endif
| #ifdef HAVE_SYS_TYPES_H
| # include <sys/types.h>
| #endif
| #ifdef HAVE_SYS_STAT_H
| # include <sys/stat.h>
| #endif
| #ifdef HAVE_UNISTD_H
| # include <unistd.h>
| #endif
| int
| main (void)
| {
| if (sizeof ((uintptr_t)))
| 	    return 0;
|   ;
|   return 0;
| }
configure:18323: result: yes
configure:18362: checking for inet_pton
configure:18362: gcc -o conftest -g -O2 -Qunused-arguments   conftest.c  >&5
configure:18362: $? = 0
configure:18362: result: yes
configure:18370: checking for select
configure:18370: gcc -o conftest -g -O2 -Qunused-arguments   conftest.c  >&5
configure:18370: $? = 0
configure:18370: result: yes
configure:18414: checking for poll
configure:18414: gcc -o conftest -g -O2 -Qunused-arguments   conftest.c  >&5
configure:18414: $? = 0
configure:18414: result: yes
configure:18422: checking for setvbuf
configure:18422: gcc -o conftest -g -O2 -Qunused-arguments   conftest.c  >&5
configure:18422: $? = 0
configure:18422: result: yes
configure:18455: checking whether byte ordering is bigendian
configure:18471: gcc -c -g -O2 -Qunused-arguments  conftest.c >&5
configure:18471: $? = 0
configure:18517: gcc -c -g -O2 -Qunused-arguments  conftest.c >&5
configure:18517: $? = 0
configure:18536: gcc -c -g -O2 -Qunused-arguments  conftest.c >&5
conftest.c:46:4: error: use of undeclared identifier 'not'
                 not big endian
                 ^
1 error generated.
configure:18536: $? = 1
configure: failed program was:
| /* confdefs.h */
| #define PACKAGE_NAME "liblo"
| #define PACKAGE_TARNAME "liblo"
| #define PACKAGE_VERSION "0.32"
| #define PACKAGE_STRING "liblo 0.32"
| #define PACKAGE_BUGREPORT "liblo-devel@lists.sourceforge.net"
| #define PACKAGE_URL ""
| #define PACKAGE "liblo"
| #define VERSION "0.32"
| #define LO_SO_VERSION {12, 0, 5}
| #define HAVE_STDIO_H 1
| #define HAVE_STDLIB_H 1
| #define HAVE_STRING_H 1
| #define HAVE_INTTYPES_H 1
| #define HAVE_STDINT_H 1
| #define HAVE_STRINGS_H 1
| #define HAVE_SYS_STAT_H 1
| #define HAVE_SYS_TYPES_H 1
| #define HAVE_UNISTD_H 1
| #define STDC_HEADERS 1
| #define HAVE_DLFCN_H 1
| #define LT_OBJDIR ".libs/"
| #define PRINTF_LL "ll"
| #define HAVE_GETIFADDRS 1
| #define HAVE_LIBPTHREAD 1
| #define ENABLE_THREADS 1
| #define HAVE_NETDB_H 1
| #define HAVE_NETINET_IN_H 1
| #define HAVE_STDLIB_H 1
| #define HAVE_STRING_H 1
| #define HAVE_SYS_SOCKET_H 1
| #define HAVE_UNISTD_H 1
| #define HAVE_UINTPTR_T 1
| #define HAVE_INET_PTON 1
| #define HAVE_SELECT 1
| #define HAVE_POLL 1
| #define HAVE_SETVBUF 1
| /* end confdefs.h.  */
| #include <sys/types.h>
| 		#include <sys/param.h>
| 
| int
| main (void)
| {
| #if BYTE_ORDER != BIG_ENDIAN
| 		 not big endian
| 		#endif
| 
|   ;
|   return 0;
| }
configure:18677: result: no
configure:18930: checking that generated files are newer than configure
configure:18936: result: done
configure:19000: creating ./config.status

## ---------------------- ##
## Running config.status. ##
## ---------------------- ##

This file was extended by liblo config.status 0.32, which was
generated by GNU Autoconf 2.72.  Invocation command line was

  CONFIG_FILES    = 
  CONFIG_HEADERS  = 
  CONFIG_LINKS    = 
  CONFIG_COMMANDS = 
  $ ./config.status 

on Nilss-MacBook-Pro.local

config.status:1206: creating Makefile
config.status:1206: creating src/Makefile
config.status:1206: creating src/tools/Makefile
config.status:1206: creating src/liblo.def
config.status:1206: creating examples/Makefile
config.status:1206: creating lo/Makefile
config.status:1206: creating lo/lo.h
config.status:1206: creating lo/lo_endian.h
config.status:1206: creating liblo.pc
config.status:1206: creating doc/Makefile
config.status:1206: creating doc/reference.doxygen
config.status:1206: creating build/Makefile
config.status:1206: creating cmake/Makefile
config.status:1206: creating config.h
config.status:1387: config.h is unchanged
config.status:1435: executing depfiles commands
config.status:1512: cd src       && sed -e '/# am--include-marker/d' Makefile         | make -f - am--depfiles
make: Nothing to be done for `am--depfiles'.
config.status:1517: $? = 0
config.status:1512: cd src/tools       && sed -e '/# am--include-marker/d' Makefile         | make -f - am--depfiles
make: Nothing to be done for `am--depfiles'.
config.status:1517: $? = 0
config.status:1512: cd examples       && sed -e '/# am--include-marker/d' Makefile         | make -f - am--depfiles
make: Nothing to be done for `am--depfiles'.
config.status:1517: $? = 0
config.status:1435: executing libtool commands

## ---------------- ##
## Cache variables. ##
## ---------------- ##

ac_cv_build=aarch64-apple-darwin22.3.0
ac_cv_c_bigendian=no
ac_cv_c_compiler_gnu=yes
ac_cv_c_const=yes
ac_cv_cxx_compiler_gnu=yes
ac_cv_env_CCC_set=
ac_cv_env_CCC_value=
ac_cv_env_CC_set=
ac_cv_env_CC_value=
ac_cv_env_CFLAGS_set=
ac_cv_env_CFLAGS_value=
ac_cv_env_CPPFLAGS_set=
ac_cv_env_CPPFLAGS_value=
ac_cv_env_CXXCPP_set=
ac_cv_env_CXXCPP_value=
ac_cv_env_CXXFLAGS_set=
ac_cv_env_CXXFLAGS_value=
ac_cv_env_CXX_set=
ac_cv_env_CXX_value=
ac_cv_env_LDFLAGS_set=
ac_cv_env_LDFLAGS_value=
ac_cv_env_LIBS_set=
ac_cv_env_LIBS_value=
ac_cv_env_LT_SYS_LIBRARY_PATH_set=
ac_cv_env_LT_SYS_LIBRARY_PATH_value=
ac_cv_env_build_alias_set=
ac_cv_env_build_alias_value=
ac_cv_env_host_alias_set=
ac_cv_env_host_alias_value=
ac_cv_env_target_alias_set=
ac_cv_env_target_alias_value=
ac_cv_func_getifaddrs=yes
ac_cv_func_inet_pton=yes
ac_cv_func_log=yes
ac_cv_func_poll=yes
ac_cv_func_select=yes
ac_cv_func_setvbuf=yes
ac_cv_header_dlfcn_h=yes
ac_cv_header_inttypes_h=yes
ac_cv_header_netdb_h=yes
ac_cv_header_netinet_in_h=yes
ac_cv_header_stdint_h=yes
ac_cv_header_stdio_h=yes
ac_cv_header_stdlib_h=yes
ac_cv_header_string_h=yes
ac_cv_header_strings_h=yes
ac_cv_header_sys_socket_h=yes
ac_cv_header_sys_stat_h=yes
ac_cv_header_sys_types_h=yes
ac_cv_header_unistd_h=yes
ac_cv_header_winsock2_h=no
ac_cv_host=aarch64-apple-darwin22.3.0
ac_cv_objext=o
ac_cv_path_EGREP='/usr/bin/grep -E'
ac_cv_path_EGREP_TRADITIONAL='/usr/bin/grep -E'
ac_cv_path_FGREP='/usr/bin/grep -F'
ac_cv_path_GREP=/usr/bin/grep
ac_cv_path_SED=/usr/bin/sed
ac_cv_path_install='/opt/homebrew/bin/ginstall -c'
ac_cv_path_lt_DD=/bin/dd
ac_cv_path_mkdir=/opt/homebrew/bin/gmkdir
ac_cv_prog_AWK=awk
ac_cv_prog_CXXCPP='g++ -std=gnu++11 -E'
ac_cv_prog_ac_ct_AR=ar
ac_cv_prog_ac_ct_CC=gcc
ac_cv_prog_ac_ct_CXX=g++
ac_cv_prog_ac_ct_DLLTOOL=dlltool
ac_cv_prog_ac_ct_DSYMUTIL=dsymutil
ac_cv_prog_ac_ct_FILECMD=file
ac_cv_prog_ac_ct_LIPO=lipo
ac_cv_prog_ac_ct_NMEDIT=nmedit
ac_cv_prog_ac_ct_OBJDUMP=objdump
ac_cv_prog_ac_ct_OTOOL=otool
ac_cv_prog_ac_ct_RANLIB=ranlib
ac_cv_prog_ac_ct_STRIP=strip
ac_cv_prog_cc_c11=
ac_cv_prog_cc_g=yes
ac_cv_prog_cc_stdc=
ac_cv_prog_cxx_cxx11=-std=gnu++11
ac_cv_prog_cxx_g=yes
ac_cv_prog_cxx_stdcxx=-std=gnu++11
ac_cv_prog_make_make_set=yes
ac_cv_search_pthread_create='none required'
ac_cv_search_recvfrom='none required'
ac_cv_type_size_t=yes
ac_cv_type_uintptr_t=yes
am_cv_CC_dependencies_compiler_type=gcc3
am_cv_CXX_dependencies_compiler_type=gcc3
am_cv_make_support_nested_variables=yes
am_cv_prog_cc_c_o=yes
lt_cv_apple_cc_single_mod=yes
lt_cv_ar_at_file=no
lt_cv_deplibs_check_method=pass_all
lt_cv_file_magic_cmd='$MAGIC_CMD'
lt_cv_file_magic_test_file=
lt_cv_ld_exported_symbols_list=yes
lt_cv_ld_force_load=yes
lt_cv_ld_reload_flag=-r
lt_cv_nm_interface='BSD nm'
lt_cv_objdir=.libs
lt_cv_path_LD=/Applications/Xcode.app/Contents/Developer/Toolchains/XcodeDefault.xctoolchain/usr/bin/ld
lt_cv_path_LDCXX=/Applications/Xcode.app/Contents/Developer/Toolchains/XcodeDefault.xctoolchain/usr/bin/ld
lt_cv_path_NM='/usr/bin/nm -B'
lt_cv_path_mainfest_tool=no
lt_cv_prog_compiler_c_o=yes
lt_cv_prog_compiler_c_o_CXX=yes
lt_cv_prog_compiler_pic='-fno-common -DPIC'
lt_cv_prog_compiler_pic_CXX='-fno-common -DPIC'
lt_cv_prog_compiler_pic_works=yes
lt_cv_prog_compiler_pic_works_CXX=yes
lt_cv_prog_compiler_rtti_exceptions=yes
lt_cv_prog_compiler_static_works=no
lt_cv_prog_compiler_static_works_CXX=no
lt_cv_prog_gnu_ld=no
lt_cv_prog_gnu_ldcxx=no
lt_cv_sharedlib_from_linklib_cmd='printf %s\n'
lt_cv_sys_global_symbol_pipe='/usr/bin/sed -n -e '\''s/^.*[	 ]\([ABCDGIRSTW][ABCDGIRSTW]*\)[	 ][	 ]*_\([_A-Za-z][_A-Za-z0-9]*\)$/\1 _\2 \2/p'\'' | /usr/bin/sed '\''/ __gnu_lto/d'\'''
lt_cv_sys_global_symbol_to_c_name_address='/usr/bin/sed -n -e '\''s/^: \(.*\) .*$/  {"\1", (void *) 0},/p'\'' -e '\''s/^[ABCDGIRSTW][ABCDGIRSTW]* .* \(.*\)$/  {"\1", (void *) \&\1},/p'\'''
lt_cv_sys_global_symbol_to_c_name_address_lib_prefix='/usr/bin/sed -n -e '\''s/^: \(.*\) .*$/  {"\1", (void *) 0},/p'\'' -e '\''s/^[ABCDGIRSTW][ABCDGIRSTW]* .* \(lib.*\)$/  {"\1", (void *) \&\1},/p'\'' -e '\''s/^[ABCDGIRSTW][ABCDGIRSTW]* .* \(.*\)$/  {"lib\1", (void *) \&\1},/p'\'''
lt_cv_sys_global_symbol_to_cdecl='/usr/bin/sed -n -e '\''s/^T .* \(.*\)$/extern int \1();/p'\'' -e '\''s/^[ABCDGIRSTW][ABCDGIRSTW]* .* \(.*\)$/extern char \1;/p'\'''
lt_cv_sys_global_symbol_to_import=
lt_cv_sys_max_cmd_len=786432
lt_cv_to_host_file_cmd=func_convert_file_noop
lt_cv_to_tool_file_cmd=func_convert_file_noop
lt_cv_truncate_bin='/bin/dd bs=4096 count=1'

## ----------------- ##
## Output variables. ##
## ----------------- ##

ACLOCAL='${SHELL} '\''/Users/nikny/mediapipe/third_party/liblo/missing'\'' aclocal-1.16'
AMDEPBACKSLASH='\'
AMDEP_FALSE='#'
AMDEP_TRUE=''
AMTAR='$${TAR-tar}'
AM_BACKSLASH='\'
AM_DEFAULT_V='$(AM_DEFAULT_VERBOSITY)'
AM_DEFAULT_VERBOSITY='0'
AM_V='$(V)'
AR='ar'
AS='as'
AUTOCONF='${SHELL} '\''/Users/nikny/mediapipe/third_party/liblo/missing'\'' autoconf'
AUTOHEADER='${SHELL} '\''/Users/nikny/mediapipe/third_party/liblo/missing'\'' autoheader'
AUTOMAKE='${SHELL} '\''/Users/nikny/mediapipe/third_party/liblo/missing'\'' automake-1.16'
AWK='awk'
CC='gcc'
CCDEPMODE='depmode=gcc3'
CFLAGS='-g -O2 -Qunused-arguments'
COMPILE_EXAMPLES_FALSE='#'
COMPILE_EXAMPLES_TRUE=''
COMPILE_TESTS_FALSE='#'
COMPILE_TESTS_TRUE=''
COMPILE_TOOLS_FALSE='#'
COMPILE_TOOLS_TRUE=''
CPPFLAGS=''
CSCOPE='cscope'
CTAGS='ctags'
CXX='g++ -std=gnu++11'
CXXCPP='g++ -std=gnu++11 -E'
CXXDEPMODE='depmode=gcc3'
CXXFLAGS='-g -O2 -std=c++11 -Qunused-arguments'
CYGPATH_W='echo'
DEFS='-DHAVE_CONFIG_H'
DEFTHREADS=''
DEPDIR='.deps'
DLLTOOL='dlltool'
DLL_NAME='liblo-7.dll'
DOXYGEN=''
DSYMUTIL='dsymutil'
DUMPBIN=''
ECHO_C='\c'
ECHO_N=''
ECHO_T=''
EGREP='/usr/bin/grep -E'
ENABLE_NETWORK_TESTS_FALSE='#'
ENABLE_NETWORK_TESTS_TRUE=''
ENABLE_THREADS='1'
ENABLE_THREADS_FALSE='#'
ENABLE_THREADS_TRUE=''
ETAGS='etags'
EXEEXT=''
FGREP='/usr/bin/grep -F'
FILECMD='file'
GREP='/usr/bin/grep'
HAVE_LAMBDA_FALSE='#'
HAVE_LAMBDA_TRUE=''
INSTALL_DATA='${INSTALL} -m 644'
INSTALL_PROGRAM='${INSTALL}'
INSTALL_SCRIPT='${INSTALL}'
INSTALL_STRIP_PROGRAM='$(install_sh) -c -s'
LD='/Applications/Xcode.app/Contents/Developer/Toolchains/XcodeDefault.xctoolchain/usr/bin/ld'
LDFLAGS=''
LIBOBJS=''
LIBPTHREAD=''
LIBS=''
LIBTOOL='$(SHELL) $(top_builddir)/libtool'
LIPO='lipo'
LN_S='ln -s'
LO_BIGENDIAN='0'
LO_SO_VERSION='12:0:5'
LTLIBOBJS=''
LT_CURRENT_MINUS_AGE='7'
LT_SYS_LIBRARY_PATH=''
MAINT='#'
MAINTAINER_MODE_FALSE=''
MAINTAINER_MODE_TRUE='#'
MAKEINFO='${SHELL} '\''/Users/nikny/mediapipe/third_party/liblo/missing'\'' makeinfo'
MANIFEST_TOOL=':'
MKDIR_P='/opt/homebrew/bin/gmkdir -p'
NM='/usr/bin/nm -B'
NMEDIT='nmedit'
OBJDUMP='objdump'
OBJEXT='o'
OTOOL64=':'
OTOOL='otool'
PACKAGE='liblo'
PACKAGE_BUGREPORT='liblo-devel@lists.sourceforge.net'
PACKAGE_NAME='liblo'
PACKAGE_STRING='liblo 0.32'
PACKAGE_TARNAME='liblo'
PACKAGE_URL=''
PACKAGE_VERSION='0.32'
PATH_SEPARATOR=':'
RANLIB='ranlib'
SED='/usr/bin/sed'
SET_MAKE=''
SHELL='/bin/sh'
STRIP='strip'
THREADS_INCLUDE='#include "lo/lo_serverthread.h"'
VERSION='0.32'
WINDOWS_DLL_FALSE=''
WINDOWS_DLL_TRUE='#'
WINDOWS_FALSE=''
WINDOWS_TRUE='#'
ac_ct_AR='ar'
ac_ct_CC='gcc'
ac_ct_CXX='g++'
ac_ct_DUMPBIN=''
am__EXEEXT_FALSE=''
am__EXEEXT_TRUE='#'
am__fastdepCC_FALSE='#'
am__fastdepCC_TRUE=''
am__fastdepCXX_FALSE='#'
am__fastdepCXX_TRUE=''
am__include='include'
am__isrc=''
am__leading_dot='.'
am__nodep='_no'
am__quote=''
am__tar='$${TAR-tar} chof - "$$tardir"'
am__untar='$${TAR-tar} xf -'
bindir='${exec_prefix}/bin'
build='aarch64-apple-darwin22.3.0'
build_alias=''
build_cpu='aarch64'
build_os='darwin22.3.0'
build_vendor='apple'
datadir='${datarootdir}'
datarootdir='${prefix}/share'
docdir='${datarootdir}/doc/${PACKAGE_TARNAME}'
dvidir='${docdir}'
exec_prefix='${prefix}'
extralibs=''
host='aarch64-apple-darwin22.3.0'
host_alias=''
host_cpu='aarch64'
host_os='darwin22.3.0'
host_vendor='apple'
htmldir='${docdir}'
includedir='${prefix}/include'
infodir='${datarootdir}/info'
install_sh='${SHELL} /Users/nikny/mediapipe/third_party/liblo/install-sh'
libdir='${exec_prefix}/lib'
libexecdir='${exec_prefix}/libexec'
localedir='${datarootdir}/locale'
localstatedir='${prefix}/var'
mandir='${datarootdir}/man'
mkdir_p='$(MKDIR_P)'
oldincludedir='/usr/include'
pdfdir='${docdir}'
prefix='/Users/nikny/mediapipe/third_party/liblo/install'
program_transform_name='s,x,x,'
psdir='${docdir}'
runstatedir='${localstatedir}/run'
sbindir='${exec_prefix}/sbin'
sharedstatedir='${prefix}/com'
sysconfdir='${prefix}/etc'
target_alias=''

## ----------- ##
## confdefs.h. ##
## ----------- ##

/* confdefs.h */
#define PACKAGE_NAME "liblo"
#define PACKAGE_TARNAME "liblo"
#define PACKAGE_VERSION "0.32"
#define PACKAGE_STRING "liblo 0.32"
#define PACKAGE_BUGREPORT "liblo-devel@lists.sourceforge.net"
#define PACKAGE_URL ""
#define PACKAGE "liblo"
#define VERSION "0.32"
#define LO_SO_VERSION {12, 0, 5}
#define HAVE_STDIO_H 1
#define HAVE_STDLIB_H 1
#define HAVE_STRING_H 1
#define HAVE_INTTYPES_H 1
#define HAVE_STDINT_H 1
#define HAVE_STRINGS_H 1
#define HAVE_SYS_STAT_H 1
#define HAVE_SYS_TYPES_H 1
#define HAVE_UNISTD_H 1
#define STDC_HEADERS 1
#define HAVE_DLFCN_H 1
#define LT_OBJDIR ".libs/"
#define PRINTF_LL "ll"
#define HAVE_GETIFADDRS 1
#define HAVE_LIBPTHREAD 1
#define ENABLE_THREADS 1
#define HAVE_NETDB_H 1
#define HAVE_NETINET_IN_H 1
#define HAVE_STDLIB_H 1
#define HAVE_STRING_H 1
#define HAVE_SYS_SOCKET_H 1
#define HAVE_UNISTD_H 1
#define HAVE_UINTPTR_T 1
#define HAVE_INET_PTON 1
#define HAVE_SELECT 1
#define HAVE_POLL 1
#define HAVE_SETVBUF 1
#define LO_BIGENDIAN "0"
#define ENABLE_NETWORK_TESTS 1

configure: exit 0
